root@172.27.22.157's password: root123

Warning: No xauth data; using fake authentication data for X11 forwarding.
sh: /usr/bin/xauth: not found


BusyBox v1.24.2 () built-in shell (ash)
Enter 'help' for a list of built-in commands.

# rm -r rsys
rm -r rsys
# scp -r root@172.27.22.71:/root/Keerthi/Amarisoft/QCOM_FDD/SC/rsys/ /root/
scp -r root@172.27.22.71:/root/Keerthi/Amarisoft/QCOM_FDD/SC/rsys/ /root/
root@172.27.22.71's password: root123

# umount /mnt/firmware
umount /mnt/firmware
# mount -t vfat /dev/mmcblk0p1 /mnt/firmware/
mount -t vfat /dev/mmcblk0p1 /mnt/firmware/
# cp -f /root/rsys/bin/mdm2_00.mbn /mnt/firmware
cp -f /root/rsys/bin/mdm2_00.mbn /mnt/firmware
# root@172.27.22.157's password: root123

Warning: No xauth data; using fake authentication data for X11 forwarding.
sh: /usr/bin/xauth: not found


BusyBox v1.24.2 () built-in shell (ash)
Enter 'help' for a list of built-in commands.

# cd /root/rsys/scripts
cd /root/rsys/scripts
# ./install.sh
./install.sh
chmod: ../config/wr_cfg.txt: No such file or directory
chmod: ../bin/wr_cfg.txt: No such file or directory
# ./start_TeNB.sh > TeNB_console.log 2>&1 &
./start_TeNB.sh > TeNB_console.log 2>&1 &
# tail -f TeNB_console.log
oam.set OAM_NUM_CELL_ENTRIES 1
qoam.set LTE_X_RADISYS_NUM_OF_CELLS 1 FAP.0.FAP_LTE.0
qoam.set LTE_DUPLEX_MODE FDDMode FAP.0.FAP_LTE.0
qoam.set LTE_FREQ_BAND_INDICATOR 7 FAP.0.FAP_LTE.0
qoam.set LTE_EARFCNDL_LIST 3100 FAP.0.FAP_LTE.0
qoam.set LTE_EARFCNUL_LIST 21100 FAP.0.FAP_LTE.0
qoam.set LTE_TAC 2 FAP.0.FAP_LTE.0
qoam.set LTE_CSG_START_PCI 4 FAP.0.FAP_LTE.0
qoam.set LTE_PHY_CELLID_LIST "41" FAP.0.FAP_LTE.0
qoam.set LTE_CELL_IDENTITY 41 FAP.0.FAP_LTE.0
qoam.set LTE_PRACH_ROOT_SEQUENCE_INDEX_LIST "22" FAP.0.FAP_LTE.0
qoam.set LTE_PRACH_CONFIG_INDEX_LIST "1" FAP.0.FAP_LTE.0
qoam.set LTE_SIGLINK_SERVER_LIST "172.27.22.71" FAP.0
qoam.set LTE_RRM_SR_PRDCTY 4 FAP.0.FAP_LTE.0
qoam.set LTE_RRM_CQI_PRDCTY 6 FAP.0.FAP_LTE.0
qoam.set LTE_RRM_NUM_SR_PER_TTI 8 FAP.0.FAP_LTE.0
qoam.set LTE_RRM_NUM_CQI_PER_TTI 8 FAP.0.FAP_LTE.0
qoam.set LTE_OP_MODE 4 FAP.0.FAP_LTE.0
qoam.set LTE_PERIOD 2 FAP.0.FAP_LTE.0
qoam.set LTE_TM_AUTO_CONFIG OFF FAP.0.FAP_LTE.0
qoam.set LTE_PREFERRED_TRANSMISSION_MODE TM3 FAP.0.FAP_LTE.0
qoam.set LTE_IS_SPS_ENABLE 0 FAP.0.FAP_LTE.0
qoam.set LTE_REFERNCE_SIG_POWER "-7" FAP.0.FAP_LTE.0
qoam.set LTE_PRACH_FREQ_OFFSET_LIST "5","1..21","0","23..40" FAP.0.FAP_LTE.0
qoam.set LTE_NUM_CELL_CHANGE_MEDIUM 1 FAP.0.FAP_LTE.0
qoam.set LTE_NUM_CELL_CHANGE_HIGH 1 FAP.0.FAP_LTE.0
qoam.set LTE_N1PUCCHAN "16" FAP.0.FAP_LTE.0
qoam.set LTE_MAX_UE_SERVED 64 FAP.0.FAP_LTE.0
qoam.set LTE_MAX_MAC_RNTIS 96 FAP.0.FAP_LTE.0
qoam.set LTE_MAX_UL_TX_UE_PER_TTI 4 FAP.0.FAP_LTE.0
qoam.set LTE_MAX_DL_TX_UE_PER_TTI 4 FAP.0.FAP_LTE.0
qoam.set LTE_MAX_UL_TX_RX_UE_PER_TTI 4 FAP.0.FAP_LTE.0
qoam.set LTE_MAX_DL_TX_RX_UE_PER_TTI 4 FAP.0.FAP_LTE.0
qtail -f TeNB_console.log

 in OAM ipAddress =0.0.0.0

 in OAM ipAddress =1

 FROM OAM ca flag = 1
, ca_freq_cont = 1

Packets:WRITTEN[FIFO     0 SMD   0] READ[FIFO     0 SMD   0] WFCNT[FIFO   0 SMD   0] DROPS[ 0] TOT_DROPS[ 0] TOT_USEC[5432997]
Packets:WRITTEN[FIFO     0 Seth1: address 172.27.22.157 mask 255.255.252.0
root@172.27.22.157's password: root123

Warning: No xauth data; using fake authentication data for X11 forwarding.
sh: /usr/bin/xauth: not found


BusyBox v1.24.2 () built-in shell (ash)
Enter 'help' for a list of built-in commands.

# cd /root/rsys/bin
cd /root/rsys/bin
# ./cli
./cli
Radisys FAP Interactive CLI
Welcome
Lost? Double-tap <Tab>, or type "help".
fap:/$ tr69.addobject Device.Services.FAPService.1.CellConfig.LTE.EPC.PLMNList.
tr69.addobject Device.Services.FAPService.1.CellConfig.LTE.EPC.PLMNList.
Object created instance ID:1

fap:/$ tr69.set Device.Services.FAPService.1.CellConfig.LTE.EPC.PLMNList.1.IsPrimary 1
tr69.set Device.Services.FAPService.1.CellConfig.LTE.EPC.PLMNList.1.IsPrimary 1
OK
fap:/$ tr69.set Device.Services.FAPService.1.CellConfig.LTE.EPC.PLMNList.1.PLMNID 00101
tr69.set Device.Services.FAPService.1.CellConfig.LTE.EPC.PLMNList.1.PLMNID 00101
OK
fap:/$ tr69.set Device.Services.FAPService.1.CellConfig.LTE.EPC.PLMNList.1.Enable 1
tr69.set Device.Services.FAPService.1.CellConfig.LTE.EPC.PLMNList.1.Enable 1
OK
fap:/$ tr69.set Device.Services.FAPService.1.FAPControl.LTE.AdminState 1
tr69.set Device.Services.FAPService.1.FAPControl.LTE.AdminState 1
OK
fap:/$ exit
