root@172.27.22.71's password: root123
./restart_cne.sh 1

Warning: No xauth data; using fake authentication data for X11 forwarding.
Welcome to Ubuntu 16.10 (GNU/Linux 4.8.0-59-generic x86_64)

 * Documentation:  https://help.ubuntu.com
 * Management:     https://landscape.canonical.com
 * Support:        https://ubuntu.com/advantage

1 package can be updated.
0 updates are security updates.

Your Ubuntu release is not supported anymore.
For upgrade information, please visit:
http://www.ubuntu.com/releaseendoflife

New release '18.04.2 LTS' available.
Run 'do-release-upgrade' to upgrade to it.

Last login: Wed Mar  6 17:40:09 2019 from 172.24.40.187
./restart_cne.sh 1
net.core.rmem_max = 16777216
net.core.rmem_default = 16777216
net.core.wmem_max = 16777216
net.core.wmem_default = 16777216
]0;root@labadmin-OptiPlex-3010: ~root@labadmin-OptiPlex-3010:~# ./restart_cne.sh 1
tclsh8.6: no process found
[....] Restarting postgresql (via systemctl): postgresql.service[?25l7[1G[[32m ok [39;49m8[?12l[?25h.
Starting NetTest MME on port 10001
lsof: WARNING: can't stat() fuse.gvfsd-fuse file system /run/user/1000/gvfs
      Output information may be incomplete.
Starting NetTest SGW on port 10002
lsof: WARNING: can't stat() fuse.gvfsd-fuse file system /run/user/1000/gvfs
      Output information may be incomplete.
Starting NetTest PGW on port 10003
lsof: WARNING: can't stat() fuse.gvfsd-fuse file system /run/user/1000/gvfs
      Output information may be incomplete.
Starting NetTest HSS on port 10004
lsof: WARNING: can't stat() fuse.gvfsd-fuse file system /run/user/1000/gvfs
      Output information may be incomplete.
net.unix.max_dgram_qlen = 128
Starting NetTest PCRF on port 10005
lsof: WARNING: can't stat() fuse.gvfsd-fuse file system /run/user/1000/gvfs
      Output information may be incomplete.
net.unix.max_dgram_qlen = 128
]0;root@labadmin-OptiPlex-3010: ~root@labadmin-OptiPlex-3010:~# 